{"F:/Проекты/React/rss-react/src/App.test.tsx": {"path":"F:/Проекты/React/rss-react/src/App.test.tsx","statementMap":{},"fnMap":{},"branchMap":{},"s":{},"f":{},"b":{}}
,"F:/Проекты/React/rss-react/src/App.tsx": {"path":"F:/Проекты/React/rss-react/src/App.tsx","statementMap":{"0":{"start":{"line":9,"column":29},"end":{"line":24,"column":null}},"1":{"start":{"line":10,"column":2},"end":{"line":22,"column":null}}},"fnMap":{"0":{"name":"(anonymous_0)","decl":{"start":{"line":9,"column":29},"end":{"line":9,"column":35}},"loc":{"start":{"line":9,"column":35},"end":{"line":24,"column":null}}}},"branchMap":{},"s":{"0":1,"1":1},"f":{"0":1},"b":{}}
,"F:/Проекты/React/rss-react/src/Html.tsx": {"path":"F:/Проекты/React/rss-react/src/Html.tsx","statementMap":{},"fnMap":{},"branchMap":{},"s":{},"f":{},"b":{}}
,"F:/Проекты/React/rss-react/src/entry-client.tsx": {"path":"F:/Проекты/React/rss-react/src/entry-client.tsx","statementMap":{"0":{"start":{"line":9,"column":0},"end":{"line":16,"column":null}}},"fnMap":{},"branchMap":{},"s":{"0":1},"f":{},"b":{}}
,"F:/Проекты/React/rss-react/src/entry-server.tsx": {"path":"F:/Проекты/React/rss-react/src/entry-server.tsx","statementMap":{},"fnMap":{},"branchMap":{},"s":{},"f":{},"b":{}}
,"F:/Проекты/React/rss-react/src/setupTests.ts": {"path":"F:/Проекты/React/rss-react/src/setupTests.ts","statementMap":{},"fnMap":{},"branchMap":{},"s":{},"f":{},"b":{}}
,"F:/Проекты/React/rss-react/src/components/404/PageNotFound.test.tsx": {"path":"F:/Проекты/React/rss-react/src/components/404/PageNotFound.test.tsx","statementMap":{},"fnMap":{},"branchMap":{},"s":{},"f":{},"b":{}}
,"F:/Проекты/React/rss-react/src/components/404/PageNotFound.tsx": {"path":"F:/Проекты/React/rss-react/src/components/404/PageNotFound.tsx","statementMap":{"0":{"start":{"line":4,"column":38},"end":{"line":11,"column":null}},"1":{"start":{"line":5,"column":2},"end":{"line":9,"column":null}}},"fnMap":{"0":{"name":"(anonymous_0)","decl":{"start":{"line":4,"column":38},"end":{"line":4,"column":44}},"loc":{"start":{"line":4,"column":44},"end":{"line":11,"column":null}}}},"branchMap":{},"s":{"0":1,"1":0},"f":{"0":0},"b":{}}
,"F:/Проекты/React/rss-react/src/components/Footer/Footer.test.tsx": {"path":"F:/Проекты/React/rss-react/src/components/Footer/Footer.test.tsx","statementMap":{},"fnMap":{},"branchMap":{},"s":{},"f":{},"b":{}}
,"F:/Проекты/React/rss-react/src/components/Footer/Footer.tsx": {"path":"F:/Проекты/React/rss-react/src/components/Footer/Footer.tsx","statementMap":{"0":{"start":{"line":6,"column":32},"end":{"line":33,"column":null}},"1":{"start":{"line":7,"column":2},"end":{"line":31,"column":null}}},"fnMap":{"0":{"name":"(anonymous_0)","decl":{"start":{"line":6,"column":32},"end":{"line":6,"column":38}},"loc":{"start":{"line":6,"column":38},"end":{"line":33,"column":null}}}},"branchMap":{},"s":{"0":1,"1":1},"f":{"0":1},"b":{}}
,"F:/Проекты/React/rss-react/src/components/Form/Form.test.tsx": {"path":"F:/Проекты/React/rss-react/src/components/Form/Form.test.tsx","statementMap":{},"fnMap":{},"branchMap":{},"s":{},"f":{},"b":{}}
,"F:/Проекты/React/rss-react/src/components/Form/Form.tsx": {"path":"F:/Проекты/React/rss-react/src/components/Form/Form.tsx","statementMap":{"0":{"start":{"line":16,"column":30},"end":{"line":63,"column":null}},"1":{"start":{"line":17,"column":19},"end":{"line":17,"column":null}},"2":{"start":{"line":17,"column":53},"end":{"line":17,"column":72}},"3":{"start":{"line":18,"column":19},"end":{"line":18,"column":null}},"4":{"start":{"line":25,"column":6},"end":{"line":25,"column":null}},"5":{"start":{"line":27,"column":45},"end":{"line":42,"column":null}},"6":{"start":{"line":28,"column":18},"end":{"line":28,"column":null}},"7":{"start":{"line":29,"column":20},"end":{"line":29,"column":null}},"8":{"start":{"line":31,"column":33},"end":{"line":38,"column":null}},"9":{"start":{"line":40,"column":4},"end":{"line":40,"column":null}},"10":{"start":{"line":41,"column":4},"end":{"line":41,"column":null}},"11":{"start":{"line":44,"column":2},"end":{"line":61,"column":null}},"12":{"start":{"line":59,"column":62},"end":{"line":59,"column":93}}},"fnMap":{"0":{"name":"(anonymous_0)","decl":{"start":{"line":16,"column":30},"end":{"line":16,"column":36}},"loc":{"start":{"line":16,"column":36},"end":{"line":63,"column":null}}},"1":{"name":"(anonymous_1)","decl":{"start":{"line":17,"column":31},"end":{"line":17,"column":32}},"loc":{"start":{"line":17,"column":53},"end":{"line":17,"column":72}}},"2":{"name":"(anonymous_2)","decl":{"start":{"line":27,"column":45},"end":{"line":27,"column":46}},"loc":{"start":{"line":27,"column":55},"end":{"line":42,"column":null}}},"3":{"name":"(anonymous_3)","decl":{"start":{"line":59,"column":45},"end":{"line":59,"column":46}},"loc":{"start":{"line":59,"column":62},"end":{"line":59,"column":93}}}},"branchMap":{"0":{"loc":{"start":{"line":56,"column":9},"end":{"line":56,"column":null}},"type":"binary-expr","locations":[{"start":{"line":56,"column":9},"end":{"line":56,"column":31}},{"start":{"line":56,"column":31},"end":{"line":56,"column":null}}]},"1":{"loc":{"start":{"line":59,"column":9},"end":{"line":59,"column":null}},"type":"binary-expr","locations":[{"start":{"line":59,"column":9},"end":{"line":59,"column":32}},{"start":{"line":59,"column":32},"end":{"line":59,"column":null}}]}},"s":{"0":1,"1":0,"2":0,"3":0,"4":0,"5":0,"6":0,"7":0,"8":0,"9":0,"10":0,"11":0,"12":0},"f":{"0":0,"1":0,"2":0,"3":0},"b":{"0":[0,0],"1":[0,0]}}
,"F:/Проекты/React/rss-react/src/components/Form/IForm.ts": {"path":"F:/Проекты/React/rss-react/src/components/Form/IForm.ts","statementMap":{},"fnMap":{},"branchMap":{},"s":{},"f":{},"b":{}}
,"F:/Проекты/React/rss-react/src/components/Form/Cards/Cards.test.tsx": {"path":"F:/Проекты/React/rss-react/src/components/Form/Cards/Cards.test.tsx","statementMap":{},"fnMap":{},"branchMap":{},"s":{},"f":{},"b":{}}
,"F:/Проекты/React/rss-react/src/components/Form/Cards/Cards.tsx": {"path":"F:/Проекты/React/rss-react/src/components/Form/Cards/Cards.tsx","statementMap":{"0":{"start":{"line":4,"column":44},"end":{"line":16,"column":null}},"1":{"start":{"line":5,"column":2},"end":{"line":14,"column":null}}},"fnMap":{"0":{"name":"(anonymous_0)","decl":{"start":{"line":4,"column":44},"end":{"line":4,"column":45}},"loc":{"start":{"line":4,"column":86},"end":{"line":16,"column":null}}}},"branchMap":{},"s":{"0":1,"1":0},"f":{"0":0},"b":{}}
,"F:/Проекты/React/rss-react/src/components/Form/Input.components/CheckboxInput.tsx": {"path":"F:/Проекты/React/rss-react/src/components/Form/Input.components/CheckboxInput.tsx","statementMap":{"0":{"start":{"line":4,"column":51},"end":{"line":22,"column":null}},"1":{"start":{"line":5,"column":2},"end":{"line":20,"column":null}}},"fnMap":{"0":{"name":"(anonymous_0)","decl":{"start":{"line":4,"column":51},"end":{"line":4,"column":52}},"loc":{"start":{"line":4,"column":77},"end":{"line":22,"column":null}}}},"branchMap":{"0":{"loc":{"start":{"line":6,"column":20},"end":{"line":6,"column":null}},"type":"cond-expr","locations":[{"start":{"line":6,"column":54},"end":{"line":6,"column":70}},{"start":{"line":6,"column":70},"end":{"line":6,"column":null}}]},"1":{"loc":{"start":{"line":18,"column":9},"end":{"line":18,"column":null}},"type":"binary-expr","locations":[{"start":{"line":18,"column":9},"end":{"line":18,"column":37}},{"start":{"line":18,"column":37},"end":{"line":18,"column":null}}]}},"s":{"0":1,"1":0},"f":{"0":0},"b":{"0":[0,0],"1":[0,0]}}
,"F:/Проекты/React/rss-react/src/components/Form/Input.components/DataInput.tsx": {"path":"F:/Проекты/React/rss-react/src/components/Form/Input.components/DataInput.tsx","statementMap":{"0":{"start":{"line":5,"column":47},"end":{"line":23,"column":null}},"1":{"start":{"line":6,"column":2},"end":{"line":21,"column":null}}},"fnMap":{"0":{"name":"(anonymous_0)","decl":{"start":{"line":5,"column":47},"end":{"line":5,"column":48}},"loc":{"start":{"line":5,"column":73},"end":{"line":23,"column":null}}}},"branchMap":{"0":{"loc":{"start":{"line":17,"column":21},"end":{"line":17,"column":null}},"type":"cond-expr","locations":[{"start":{"line":17,"column":44},"end":{"line":17,"column":60}},{"start":{"line":17,"column":60},"end":{"line":17,"column":null}}]},"1":{"loc":{"start":{"line":19,"column":9},"end":{"line":19,"column":null}},"type":"binary-expr","locations":[{"start":{"line":19,"column":9},"end":{"line":19,"column":24}},{"start":{"line":19,"column":24},"end":{"line":19,"column":null}}]}},"s":{"0":1,"1":0},"f":{"0":0},"b":{"0":[0,0],"1":[0,0]}}
,"F:/Проекты/React/rss-react/src/components/Form/Input.components/FileUpload.tsx": {"path":"F:/Проекты/React/rss-react/src/components/Form/Input.components/FileUpload.tsx","statementMap":{"0":{"start":{"line":5,"column":48},"end":{"line":22,"column":null}},"1":{"start":{"line":6,"column":2},"end":{"line":20,"column":null}}},"fnMap":{"0":{"name":"(anonymous_0)","decl":{"start":{"line":5,"column":48},"end":{"line":5,"column":49}},"loc":{"start":{"line":5,"column":74},"end":{"line":22,"column":null}}}},"branchMap":{"0":{"loc":{"start":{"line":17,"column":19},"end":{"line":17,"column":null}},"type":"cond-expr","locations":[{"start":{"line":17,"column":42},"end":{"line":17,"column":58}},{"start":{"line":17,"column":58},"end":{"line":17,"column":null}}]},"1":{"loc":{"start":{"line":19,"column":7},"end":{"line":19,"column":null}},"type":"binary-expr","locations":[{"start":{"line":19,"column":7},"end":{"line":19,"column":31}},{"start":{"line":19,"column":31},"end":{"line":19,"column":null}}]}},"s":{"0":1,"1":0},"f":{"0":0},"b":{"0":[0,0],"1":[0,0]}}
,"F:/Проекты/React/rss-react/src/components/Form/Input.components/IProps.ts": {"path":"F:/Проекты/React/rss-react/src/components/Form/Input.components/IProps.ts","statementMap":{},"fnMap":{},"branchMap":{},"s":{},"f":{},"b":{}}
,"F:/Проекты/React/rss-react/src/components/Form/Input.components/SelectInput.tsx": {"path":"F:/Проекты/React/rss-react/src/components/Form/Input.components/SelectInput.tsx","statementMap":{"0":{"start":{"line":5,"column":49},"end":{"line":31,"column":null}},"1":{"start":{"line":6,"column":2},"end":{"line":29,"column":null}}},"fnMap":{"0":{"name":"(anonymous_0)","decl":{"start":{"line":5,"column":49},"end":{"line":5,"column":50}},"loc":{"start":{"line":5,"column":75},"end":{"line":31,"column":null}}}},"branchMap":{"0":{"loc":{"start":{"line":16,"column":19},"end":{"line":16,"column":null}},"type":"cond-expr","locations":[{"start":{"line":16,"column":44},"end":{"line":16,"column":60}},{"start":{"line":16,"column":60},"end":{"line":16,"column":null}}]},"1":{"loc":{"start":{"line":28,"column":7},"end":{"line":28,"column":null}},"type":"binary-expr","locations":[{"start":{"line":28,"column":7},"end":{"line":28,"column":33}},{"start":{"line":28,"column":33},"end":{"line":28,"column":null}}]}},"s":{"0":1,"1":0},"f":{"0":0},"b":{"0":[0,0],"1":[0,0]}}
,"F:/Проекты/React/rss-react/src/components/Form/Input.components/SwitcherInput.tsx": {"path":"F:/Проекты/React/rss-react/src/components/Form/Input.components/SwitcherInput.tsx","statementMap":{"0":{"start":{"line":4,"column":51},"end":{"line":33,"column":null}},"1":{"start":{"line":5,"column":2},"end":{"line":31,"column":null}}},"fnMap":{"0":{"name":"(anonymous_0)","decl":{"start":{"line":4,"column":51},"end":{"line":4,"column":52}},"loc":{"start":{"line":4,"column":77},"end":{"line":33,"column":null}}}},"branchMap":{"0":{"loc":{"start":{"line":6,"column":20},"end":{"line":6,"column":null}},"type":"cond-expr","locations":[{"start":{"line":6,"column":45},"end":{"line":6,"column":61}},{"start":{"line":6,"column":61},"end":{"line":6,"column":null}}]},"1":{"loc":{"start":{"line":29,"column":9},"end":{"line":29,"column":null}},"type":"binary-expr","locations":[{"start":{"line":29,"column":9},"end":{"line":29,"column":35}},{"start":{"line":29,"column":35},"end":{"line":29,"column":null}}]}},"s":{"0":1,"1":0},"f":{"0":0},"b":{"0":[0,0],"1":[0,0]}}
,"F:/Проекты/React/rss-react/src/components/Form/Input.components/TextInput.tsx": {"path":"F:/Проекты/React/rss-react/src/components/Form/Input.components/TextInput.tsx","statementMap":{"0":{"start":{"line":5,"column":47},"end":{"line":23,"column":null}},"1":{"start":{"line":6,"column":2},"end":{"line":21,"column":null}}},"fnMap":{"0":{"name":"(anonymous_0)","decl":{"start":{"line":5,"column":47},"end":{"line":5,"column":48}},"loc":{"start":{"line":5,"column":73},"end":{"line":23,"column":null}}}},"branchMap":{"0":{"loc":{"start":{"line":17,"column":21},"end":{"line":17,"column":null}},"type":"cond-expr","locations":[{"start":{"line":17,"column":44},"end":{"line":17,"column":60}},{"start":{"line":17,"column":60},"end":{"line":17,"column":null}}]},"1":{"loc":{"start":{"line":19,"column":9},"end":{"line":19,"column":null}},"type":"binary-expr","locations":[{"start":{"line":19,"column":9},"end":{"line":19,"column":24}},{"start":{"line":19,"column":24},"end":{"line":19,"column":null}}]}},"s":{"0":1,"1":0},"f":{"0":0},"b":{"0":[0,0],"1":[0,0]}}
,"F:/Проекты/React/rss-react/src/components/Form/utility/input-valide.ts": {"path":"F:/Проекты/React/rss-react/src/components/Form/utility/input-valide.ts","statementMap":{"0":{"start":{"line":1,"column":28},"end":{"line":10,"column":null}},"1":{"start":{"line":2,"column":2},"end":{"line":8,"column":null}},"2":{"start":{"line":3,"column":4},"end":{"line":3,"column":null}},"3":{"start":{"line":4,"column":2},"end":{"line":8,"column":null}},"4":{"start":{"line":5,"column":4},"end":{"line":5,"column":null}},"5":{"start":{"line":6,"column":2},"end":{"line":8,"column":null}},"6":{"start":{"line":7,"column":4},"end":{"line":7,"column":null}},"7":{"start":{"line":9,"column":2},"end":{"line":9,"column":null}},"8":{"start":{"line":12,"column":28},"end":{"line":22,"column":null}},"9":{"start":{"line":13,"column":2},"end":{"line":15,"column":null}},"10":{"start":{"line":14,"column":4},"end":{"line":14,"column":null}},"11":{"start":{"line":16,"column":18},"end":{"line":16,"column":null}},"12":{"start":{"line":18,"column":2},"end":{"line":20,"column":null}},"13":{"start":{"line":19,"column":4},"end":{"line":19,"column":null}},"14":{"start":{"line":21,"column":2},"end":{"line":21,"column":null}},"15":{"start":{"line":24,"column":30},"end":{"line":30,"column":null}},"16":{"start":{"line":25,"column":2},"end":{"line":27,"column":null}},"17":{"start":{"line":26,"column":4},"end":{"line":26,"column":null}},"18":{"start":{"line":29,"column":2},"end":{"line":29,"column":null}},"19":{"start":{"line":32,"column":28},"end":{"line":38,"column":null}},"20":{"start":{"line":33,"column":14},"end":{"line":33,"column":null}},"21":{"start":{"line":34,"column":2},"end":{"line":36,"column":null}},"22":{"start":{"line":35,"column":4},"end":{"line":35,"column":null}},"23":{"start":{"line":37,"column":2},"end":{"line":37,"column":null}}},"fnMap":{"0":{"name":"(anonymous_0)","decl":{"start":{"line":1,"column":28},"end":{"line":1,"column":29}},"loc":{"start":{"line":1,"column":46},"end":{"line":10,"column":null}}},"1":{"name":"(anonymous_1)","decl":{"start":{"line":12,"column":28},"end":{"line":12,"column":29}},"loc":{"start":{"line":12,"column":46},"end":{"line":22,"column":null}}},"2":{"name":"(anonymous_2)","decl":{"start":{"line":24,"column":30},"end":{"line":24,"column":31}},"loc":{"start":{"line":24,"column":50},"end":{"line":30,"column":null}}},"3":{"name":"(anonymous_3)","decl":{"start":{"line":32,"column":28},"end":{"line":32,"column":29}},"loc":{"start":{"line":32,"column":48},"end":{"line":38,"column":null}}}},"branchMap":{"0":{"loc":{"start":{"line":2,"column":2},"end":{"line":8,"column":null}},"type":"if","locations":[{"start":{"line":2,"column":2},"end":{"line":8,"column":null}},{"start":{"line":4,"column":2},"end":{"line":8,"column":null}}]},"1":{"loc":{"start":{"line":4,"column":2},"end":{"line":8,"column":null}},"type":"if","locations":[{"start":{"line":4,"column":2},"end":{"line":8,"column":null}},{"start":{"line":6,"column":2},"end":{"line":8,"column":null}}]},"2":{"loc":{"start":{"line":6,"column":2},"end":{"line":8,"column":null}},"type":"if","locations":[{"start":{"line":6,"column":2},"end":{"line":8,"column":null}}]},"3":{"loc":{"start":{"line":13,"column":2},"end":{"line":15,"column":null}},"type":"if","locations":[{"start":{"line":13,"column":2},"end":{"line":15,"column":null}}]},"4":{"loc":{"start":{"line":18,"column":2},"end":{"line":20,"column":null}},"type":"if","locations":[{"start":{"line":18,"column":2},"end":{"line":20,"column":null}}]},"5":{"loc":{"start":{"line":25,"column":2},"end":{"line":27,"column":null}},"type":"if","locations":[{"start":{"line":25,"column":2},"end":{"line":27,"column":null}}]},"6":{"loc":{"start":{"line":34,"column":2},"end":{"line":36,"column":null}},"type":"if","locations":[{"start":{"line":34,"column":2},"end":{"line":36,"column":null}}]}},"s":{"0":1,"1":0,"2":0,"3":0,"4":0,"5":0,"6":0,"7":0,"8":1,"9":0,"10":0,"11":0,"12":0,"13":0,"14":0,"15":1,"16":0,"17":0,"18":0,"19":1,"20":0,"21":0,"22":0,"23":0},"f":{"0":0,"1":0,"2":0,"3":0},"b":{"0":[0,0],"1":[0,0],"2":[0],"3":[0],"4":[0],"5":[0],"6":[0]}}
,"F:/Проекты/React/rss-react/src/components/Header/Header.test.tsx": {"path":"F:/Проекты/React/rss-react/src/components/Header/Header.test.tsx","statementMap":{},"fnMap":{},"branchMap":{},"s":{},"f":{},"b":{}}
,"F:/Проекты/React/rss-react/src/components/Header/Header.tsx": {"path":"F:/Проекты/React/rss-react/src/components/Header/Header.tsx","statementMap":{"0":{"start":{"line":6,"column":32},"end":{"line":30,"column":null}},"1":{"start":{"line":8,"column":4},"end":{"line":8,"column":null}},"2":{"start":{"line":11,"column":2},"end":{"line":28,"column":null}},"3":{"start":{"line":15,"column":55},"end":{"line":15,"column":83}},"4":{"start":{"line":18,"column":60},"end":{"line":18,"column":88}},"5":{"start":{"line":21,"column":59},"end":{"line":21,"column":87}},"6":{"start":{"line":24,"column":63},"end":{"line":24,"column":91}}},"fnMap":{"0":{"name":"(anonymous_0)","decl":{"start":{"line":6,"column":32},"end":{"line":6,"column":38}},"loc":{"start":{"line":6,"column":38},"end":{"line":30,"column":null}}},"1":{"name":"handleActiveLink","decl":{"start":{"line":7,"column":11},"end":{"line":7,"column":28}},"loc":{"start":{"line":7,"column":45},"end":{"line":9,"column":null}}},"2":{"name":"(anonymous_2)","decl":{"start":{"line":15,"column":37},"end":{"line":15,"column":38}},"loc":{"start":{"line":15,"column":55},"end":{"line":15,"column":83}}},"3":{"name":"(anonymous_3)","decl":{"start":{"line":18,"column":42},"end":{"line":18,"column":43}},"loc":{"start":{"line":18,"column":60},"end":{"line":18,"column":88}}},"4":{"name":"(anonymous_4)","decl":{"start":{"line":21,"column":41},"end":{"line":21,"column":42}},"loc":{"start":{"line":21,"column":59},"end":{"line":21,"column":87}}},"5":{"name":"(anonymous_5)","decl":{"start":{"line":24,"column":45},"end":{"line":24,"column":46}},"loc":{"start":{"line":24,"column":63},"end":{"line":24,"column":91}}}},"branchMap":{"0":{"loc":{"start":{"line":8,"column":11},"end":{"line":8,"column":null}},"type":"cond-expr","locations":[{"start":{"line":8,"column":20},"end":{"line":8,"column":31}},{"start":{"line":8,"column":31},"end":{"line":8,"column":null}}]}},"s":{"0":1,"1":4,"2":1,"3":1,"4":1,"5":1,"6":1},"f":{"0":1,"1":4,"2":1,"3":1,"4":1,"5":1},"b":{"0":[1,3]}}
,"F:/Проекты/React/rss-react/src/components/Header/Location.tsx": {"path":"F:/Проекты/React/rss-react/src/components/Header/Location.tsx","statementMap":{"0":{"start":{"line":4,"column":17},"end":{"line":28,"column":null}},"1":{"start":{"line":5,"column":23},"end":{"line":5,"column":null}},"2":{"start":{"line":7,"column":22},"end":{"line":20,"column":null}},"3":{"start":{"line":8,"column":4},"end":{"line":19,"column":null}},"4":{"start":{"line":10,"column":8},"end":{"line":10,"column":null}},"5":{"start":{"line":12,"column":8},"end":{"line":12,"column":null}},"6":{"start":{"line":14,"column":8},"end":{"line":14,"column":null}},"7":{"start":{"line":16,"column":8},"end":{"line":16,"column":null}},"8":{"start":{"line":18,"column":8},"end":{"line":18,"column":null}},"9":{"start":{"line":22,"column":15},"end":{"line":22,"column":null}},"10":{"start":{"line":23,"column":2},"end":{"line":26,"column":null}},"11":{"start":{"line":30,"column":20},"end":{"line":30,"column":null}}},"fnMap":{"0":{"name":"(anonymous_0)","decl":{"start":{"line":4,"column":17},"end":{"line":4,"column":18}},"loc":{"start":{"line":4,"column":45},"end":{"line":28,"column":null}}},"1":{"name":"(anonymous_1)","decl":{"start":{"line":7,"column":22},"end":{"line":7,"column":23}},"loc":{"start":{"line":7,"column":44},"end":{"line":20,"column":null}}}},"branchMap":{"0":{"loc":{"start":{"line":8,"column":4},"end":{"line":19,"column":null}},"type":"switch","locations":[{"start":{"line":9,"column":6},"end":{"line":10,"column":null}},{"start":{"line":11,"column":6},"end":{"line":12,"column":null}},{"start":{"line":13,"column":6},"end":{"line":14,"column":null}},{"start":{"line":15,"column":6},"end":{"line":16,"column":null}},{"start":{"line":17,"column":6},"end":{"line":18,"column":null}}]}},"s":{"0":1,"1":1,"2":1,"3":1,"4":1,"5":0,"6":0,"7":0,"8":0,"9":1,"10":1,"11":1},"f":{"0":1,"1":1},"b":{"0":[1,0,0,0,0]}}
,"F:/Проекты/React/rss-react/src/components/Header/withRouter.tsx": {"path":"F:/Проекты/React/rss-react/src/components/Header/withRouter.tsx","statementMap":{"0":{"start":{"line":8,"column":26},"end":{"line":16,"column":null}},"1":{"start":{"line":11,"column":2},"end":{"line":15,"column":null}},"2":{"start":{"line":12,"column":21},"end":{"line":12,"column":null}},"3":{"start":{"line":14,"column":4},"end":{"line":14,"column":null}}},"fnMap":{"0":{"name":"(anonymous_0)","decl":{"start":{"line":8,"column":26},"end":{"line":8,"column":null}},"loc":{"start":{"line":10,"column":5},"end":{"line":16,"column":null}}},"1":{"name":"(anonymous_1)","decl":{"start":{"line":11,"column":9},"end":{"line":11,"column":10}},"loc":{"start":{"line":11,"column":56},"end":{"line":15,"column":null}}}},"branchMap":{},"s":{"0":1,"1":1,"2":1,"3":1},"f":{"0":1,"1":1},"b":{}}
,"F:/Проекты/React/rss-react/src/components/Main/IMain.ts": {"path":"F:/Проекты/React/rss-react/src/components/Main/IMain.ts","statementMap":{},"fnMap":{},"branchMap":{},"s":{},"f":{},"b":{}}
,"F:/Проекты/React/rss-react/src/components/Main/Main.test.tsx": {"path":"F:/Проекты/React/rss-react/src/components/Main/Main.test.tsx","statementMap":{},"fnMap":{},"branchMap":{},"s":{},"f":{},"b":{}}
,"F:/Проекты/React/rss-react/src/components/Main/Main.tsx": {"path":"F:/Проекты/React/rss-react/src/components/Main/Main.tsx","statementMap":{"0":{"start":{"line":10,"column":30},"end":{"line":64,"column":null}},"1":{"start":{"line":11,"column":28},"end":{"line":11,"column":null}},"2":{"start":{"line":11,"column":62},"end":{"line":11,"column":72}},"3":{"start":{"line":12,"column":42},"end":{"line":12,"column":null}},"4":{"start":{"line":13,"column":19},"end":{"line":13,"column":null}},"5":{"start":{"line":15,"column":25},"end":{"line":15,"column":null}},"6":{"start":{"line":17,"column":2},"end":{"line":19,"column":null}},"7":{"start":{"line":18,"column":4},"end":{"line":18,"column":null}},"8":{"start":{"line":21,"column":21},"end":{"line":24,"column":null}},"9":{"start":{"line":22,"column":4},"end":{"line":22,"column":null}},"10":{"start":{"line":23,"column":4},"end":{"line":23,"column":null}},"11":{"start":{"line":26,"column":2},"end":{"line":28,"column":null}},"12":{"start":{"line":27,"column":4},"end":{"line":27,"column":null}},"13":{"start":{"line":30,"column":19},"end":{"line":35,"column":null}},"14":{"start":{"line":31,"column":16},"end":{"line":31,"column":null}},"15":{"start":{"line":31,"column":47},"end":{"line":31,"column":64}},"16":{"start":{"line":32,"column":4},"end":{"line":34,"column":null}},"17":{"start":{"line":33,"column":6},"end":{"line":33,"column":null}},"18":{"start":{"line":37,"column":2},"end":{"line":62,"column":null}},"19":{"start":{"line":41,"column":31},"end":{"line":41,"column":null}},"20":{"start":{"line":48,"column":29},"end":{"line":48,"column":null}},"21":{"start":{"line":58,"column":12},"end":{"line":58,"column":null}}},"fnMap":{"0":{"name":"(anonymous_0)","decl":{"start":{"line":10,"column":30},"end":{"line":10,"column":36}},"loc":{"start":{"line":10,"column":36},"end":{"line":64,"column":null}}},"1":{"name":"(anonymous_1)","decl":{"start":{"line":11,"column":40},"end":{"line":11,"column":41}},"loc":{"start":{"line":11,"column":62},"end":{"line":11,"column":72}}},"2":{"name":"(anonymous_2)","decl":{"start":{"line":17,"column":12},"end":{"line":17,"column":18}},"loc":{"start":{"line":17,"column":18},"end":{"line":19,"column":5}}},"3":{"name":"(anonymous_3)","decl":{"start":{"line":21,"column":21},"end":{"line":21,"column":28}},"loc":{"start":{"line":21,"column":51},"end":{"line":24,"column":null}}},"4":{"name":"(anonymous_4)","decl":{"start":{"line":26,"column":12},"end":{"line":26,"column":18}},"loc":{"start":{"line":26,"column":18},"end":{"line":28,"column":5}}},"5":{"name":"(anonymous_5)","decl":{"start":{"line":30,"column":19},"end":{"line":30,"column":26}},"loc":{"start":{"line":30,"column":44},"end":{"line":35,"column":null}}},"6":{"name":"(anonymous_6)","decl":{"start":{"line":31,"column":37},"end":{"line":31,"column":38}},"loc":{"start":{"line":31,"column":47},"end":{"line":31,"column":64}}},"7":{"name":"(anonymous_7)","decl":{"start":{"line":41,"column":24},"end":{"line":41,"column":25}},"loc":{"start":{"line":41,"column":31},"end":{"line":41,"column":null}}},"8":{"name":"(anonymous_8)","decl":{"start":{"line":48,"column":22},"end":{"line":48,"column":23}},"loc":{"start":{"line":48,"column":29},"end":{"line":48,"column":null}}},"9":{"name":"(anonymous_9)","decl":{"start":{"line":57,"column":28},"end":{"line":57,"column":29}},"loc":{"start":{"line":58,"column":12},"end":{"line":58,"column":null}}}},"branchMap":{"0":{"loc":{"start":{"line":32,"column":4},"end":{"line":34,"column":null}},"type":"if","locations":[{"start":{"line":32,"column":4},"end":{"line":34,"column":null}}]},"1":{"loc":{"start":{"line":39,"column":7},"end":{"line":39,"column":null}},"type":"cond-expr","locations":[{"start":{"line":39,"column":22},"end":{"line":39,"column":52}},{"start":{"line":39,"column":52},"end":{"line":39,"column":null}}]},"2":{"loc":{"start":{"line":51,"column":9},"end":{"line":51,"column":null}},"type":"cond-expr","locations":[{"start":{"line":51,"column":21},"end":{"line":51,"column":42}},{"start":{"line":51,"column":42},"end":{"line":51,"column":null}}]},"3":{"loc":{"start":{"line":54,"column":9},"end":{"line":59,"column":null}},"type":"cond-expr","locations":[{"start":{"line":55,"column":10},"end":{"line":55,"column":null}},{"start":{"line":57,"column":10},"end":{"line":59,"column":null}}]}},"s":{"0":1,"1":7,"2":16,"3":7,"4":7,"5":7,"6":7,"7":5,"8":7,"9":1,"10":1,"11":7,"12":1,"13":7,"14":0,"15":0,"16":0,"17":0,"18":7,"19":1,"20":4,"21":0},"f":{"0":7,"1":16,"2":5,"3":1,"4":1,"5":0,"6":0,"7":1,"8":4,"9":0},"b":{"0":[0],"1":[0,7],"2":[6,1],"3":[6,1]}}
,"F:/Проекты/React/rss-react/src/components/Main/Modal/ModalCard.test.tsx": {"path":"F:/Проекты/React/rss-react/src/components/Main/Modal/ModalCard.test.tsx","statementMap":{},"fnMap":{},"branchMap":{},"s":{},"f":{},"b":{}}
,"F:/Проекты/React/rss-react/src/components/Main/Modal/ModalCard.tsx": {"path":"F:/Проекты/React/rss-react/src/components/Main/Modal/ModalCard.tsx","statementMap":{"0":{"start":{"line":8,"column":41},"end":{"line":34,"column":null}},"1":{"start":{"line":17,"column":19},"end":{"line":17,"column":null}},"2":{"start":{"line":18,"column":2},"end":{"line":32,"column":null}},"3":{"start":{"line":19,"column":53},"end":{"line":19,"column":null}},"4":{"start":{"line":20,"column":45},"end":{"line":20,"column":null}},"5":{"start":{"line":22,"column":70},"end":{"line":22,"column":94}}},"fnMap":{"0":{"name":"(anonymous_0)","decl":{"start":{"line":8,"column":41},"end":{"line":8,"column":42}},"loc":{"start":{"line":16,"column":6},"end":{"line":34,"column":null}}},"1":{"name":"(anonymous_1)","decl":{"start":{"line":19,"column":47},"end":{"line":19,"column":53}},"loc":{"start":{"line":19,"column":53},"end":{"line":19,"column":null}}},"2":{"name":"(anonymous_2)","decl":{"start":{"line":20,"column":38},"end":{"line":20,"column":39}},"loc":{"start":{"line":20,"column":45},"end":{"line":20,"column":null}}},"3":{"name":"(anonymous_3)","decl":{"start":{"line":22,"column":64},"end":{"line":22,"column":70}},"loc":{"start":{"line":22,"column":70},"end":{"line":22,"column":94}}}},"branchMap":{},"s":{"0":1,"1":0,"2":0,"3":0,"4":0,"5":0},"f":{"0":0,"1":0,"2":0,"3":0},"b":{}}
,"F:/Проекты/React/rss-react/src/components/Main/ProductsCards/ProductsCards.test.tsx": {"path":"F:/Проекты/React/rss-react/src/components/Main/ProductsCards/ProductsCards.test.tsx","statementMap":{},"fnMap":{},"branchMap":{},"s":{},"f":{},"b":{}}
,"F:/Проекты/React/rss-react/src/components/Main/ProductsCards/ProductsCards.tsx": {"path":"F:/Проекты/React/rss-react/src/components/Main/ProductsCards/ProductsCards.tsx","statementMap":{"0":{"start":{"line":5,"column":55},"end":{"line":25,"column":null}},"1":{"start":{"line":14,"column":2},"end":{"line":23,"column":null}},"2":{"start":{"line":15,"column":52},"end":{"line":15,"column":null}}},"fnMap":{"0":{"name":"(anonymous_0)","decl":{"start":{"line":5,"column":55},"end":{"line":5,"column":56}},"loc":{"start":{"line":13,"column":6},"end":{"line":25,"column":null}}},"1":{"name":"(anonymous_1)","decl":{"start":{"line":15,"column":46},"end":{"line":15,"column":52}},"loc":{"start":{"line":15,"column":52},"end":{"line":15,"column":null}}}},"branchMap":{},"s":{"0":1,"1":0,"2":0},"f":{"0":0,"1":0},"b":{}}
,"F:/Проекты/React/rss-react/src/components/layout/MainLayout.test.tsx": {"path":"F:/Проекты/React/rss-react/src/components/layout/MainLayout.test.tsx","statementMap":{},"fnMap":{},"branchMap":{},"s":{},"f":{},"b":{}}
,"F:/Проекты/React/rss-react/src/components/layout/MainLayout.tsx": {"path":"F:/Проекты/React/rss-react/src/components/layout/MainLayout.tsx","statementMap":{"0":{"start":{"line":6,"column":36},"end":{"line":14,"column":null}},"1":{"start":{"line":7,"column":2},"end":{"line":12,"column":null}}},"fnMap":{"0":{"name":"(anonymous_0)","decl":{"start":{"line":6,"column":36},"end":{"line":6,"column":42}},"loc":{"start":{"line":6,"column":42},"end":{"line":14,"column":null}}}},"branchMap":{},"s":{"0":1,"1":1},"f":{"0":1},"b":{}}
,"F:/Проекты/React/rss-react/src/store/store.ts": {"path":"F:/Проекты/React/rss-react/src/store/store.ts","statementMap":{"0":{"start":{"line":6,"column":21},"end":{"line":9,"column":null}},"1":{"start":{"line":8,"column":40},"end":{"line":8,"column":null}}},"fnMap":{"0":{"name":"(anonymous_0)","decl":{"start":{"line":8,"column":14},"end":{"line":8,"column":15}},"loc":{"start":{"line":8,"column":40},"end":{"line":8,"column":null}}}},"branchMap":{},"s":{"0":1,"1":1},"f":{"0":1},"b":{}}
,"F:/Проекты/React/rss-react/src/store/service/DataService.ts": {"path":"F:/Проекты/React/rss-react/src/store/service/DataService.ts","statementMap":{"0":{"start":{"line":4,"column":23},"end":{"line":12,"column":null}},"1":{"start":{"line":7,"column":25},"end":{"line":11,"column":null}},"2":{"start":{"line":9,"column":28},"end":{"line":9,"column":null}},"3":{"start":{"line":14,"column":46},"end":{"line":14,"column":null}}},"fnMap":{"0":{"name":"(anonymous_0)","decl":{"start":{"line":7,"column":13},"end":{"line":7,"column":14}},"loc":{"start":{"line":7,"column":25},"end":{"line":11,"column":null}}},"1":{"name":"(anonymous_1)","decl":{"start":{"line":9,"column":13},"end":{"line":9,"column":14}},"loc":{"start":{"line":9,"column":28},"end":{"line":9,"column":null}}}},"branchMap":{"0":{"loc":{"start":{"line":9,"column":14},"end":{"line":9,"column":28}},"type":"default-arg","locations":[{"start":{"line":9,"column":21},"end":{"line":9,"column":28}}]}},"s":{"0":1,"1":1,"2":2,"3":1},"f":{"0":1,"1":2},"b":{"0":[0]}}
,"F:/Проекты/React/rss-react/src/store/slice/Form.slice.ts": {"path":"F:/Проекты/React/rss-react/src/store/slice/Form.slice.ts","statementMap":{"0":{"start":{"line":8,"column":35},"end":{"line":10,"column":null}},"1":{"start":{"line":12,"column":25},"end":{"line":21,"column":null}},"2":{"start":{"line":17,"column":19},"end":{"line":17,"column":null}},"3":{"start":{"line":18,"column":6},"end":{"line":18,"column":null}},"4":{"start":{"line":23,"column":31},"end":{"line":23,"column":null}}},"fnMap":{"0":{"name":"(anonymous_0)","decl":{"start":{"line":16,"column":17},"end":{"line":16,"column":18}},"loc":{"start":{"line":16,"column":41},"end":{"line":19,"column":null}}}},"branchMap":{},"s":{"0":1,"1":1,"2":0,"3":0,"4":1},"f":{"0":0},"b":{}}
,"F:/Проекты/React/rss-react/src/store/slice/Main.slice.ts": {"path":"F:/Проекты/React/rss-react/src/store/slice/Main.slice.ts","statementMap":{"0":{"start":{"line":9,"column":35},"end":{"line":12,"column":null}},"1":{"start":{"line":14,"column":25},"end":{"line":29,"column":null}},"2":{"start":{"line":19,"column":6},"end":{"line":19,"column":null}},"3":{"start":{"line":22,"column":6},"end":{"line":22,"column":null}},"4":{"start":{"line":23,"column":6},"end":{"line":23,"column":null}},"5":{"start":{"line":26,"column":6},"end":{"line":26,"column":null}},"6":{"start":{"line":31,"column":53},"end":{"line":31,"column":null}}},"fnMap":{"0":{"name":"(anonymous_0)","decl":{"start":{"line":18,"column":17},"end":{"line":18,"column":18}},"loc":{"start":{"line":18,"column":41},"end":{"line":20,"column":null}}},"1":{"name":"(anonymous_1)","decl":{"start":{"line":21,"column":14},"end":{"line":21,"column":15}},"loc":{"start":{"line":21,"column":38},"end":{"line":24,"column":null}}},"2":{"name":"(anonymous_2)","decl":{"start":{"line":25,"column":16},"end":{"line":25,"column":17}},"loc":{"start":{"line":25,"column":27},"end":{"line":27,"column":null}}}},"branchMap":{},"s":{"0":1,"1":1,"2":4,"3":0,"4":0,"5":0,"6":1},"f":{"0":4,"1":0,"2":0},"b":{}}
}
